<?xml version="1.0" encoding="UTF-8"?>
<!-- Generated by org.testng.reporters.JUnitXMLReporter -->
<testsuite ignored="0" hostname="Rohits-MacBook-Pro.local" failures="1" tests="1" name="Rohit Test" time="23.584" errors="0" timestamp="2023-02-10T20:14:15 ACDT">
  <testcase classname="testcases.MyTest" name="test_01" time="1.707">
    <failure type="java.lang.AssertionError" message="expected [true] but found [false]">
      <![CDATA[java.lang.AssertionError: expected [true] but found [false]
at testcases.MyTest.test_01(MyTest.java:18)
at java.base/java.util.ArrayList.forEach(ArrayList.java:1511)
... Removed 29 stack frames]]>
    </failure>
  </testcase> <!-- test_01 -->
</testsuite> <!-- Rohit Test -->
